# JRE version: OpenJDK Runtime Environment Corretto-17.0.11.9.1 (17.0.11+9) (build 17.0.11+9-LTS)
# Java VM: OpenJDK 64-Bit Server VM Corretto-17.0.11.9.1 (17.0.11+9-LTS, mixed mode, emulated-client, sharing, tiered, compressed oops, compressed class ptrs, g1 gc, windows-amd64)
GC Precious Log:
 CPUs: 8 total, 8 available
 Memory: 7502M
 Large Page Support: Disabled
 NUMA Support: Disabled
 Compressed Oops: Enabled (32-bit)
 Heap Region Size: 1M
 Heap Min Capacity: 8M
 Heap Initial Capacity: 118M
 Heap Max Capacity: 1876M
 Pre-touch: Disabled
 Parallel Workers: 8
 Concurrent Workers: 2
 Concurrent Refinement Workers: 8
 Periodic GC: Disabled
Heap:
 garbage-first heap   total 114688K, used 62587K [0x000000008ac00000, 0x0000000100000000)
  region size 1024K, 21 young (21504K), 3 survivors (3072K)
 Metaspace       used 82522K, committed 83712K, reserved 1179648K
  class space    used 12170K, committed 12608K, reserved 1048576K
GC Heap History (20 events):
Event: 6.831 GC heap before
{Heap before GC invocations=20 (full 0):
 garbage-first heap   total 78848K, used 63196K [0x000000008ac00000, 0x0000000100000000)
  region size 1024K, 31 young (31744K), 4 survivors (4096K)
 Metaspace       used 74150K, committed 74752K, reserved 1114112K
  class space    used 10880K, committed 11200K, reserved 1048576K
}
Event: 6.834 GC heap after
{Heap after GC invocations=21 (full 0):
 garbage-first heap   total 78848K, used 37385K [0x000000008ac00000, 0x0000000100000000)
  region size 1024K, 4 young (4096K), 4 survivors (4096K)
 Metaspace       used 74150K, committed 74752K, reserved 1114112K
  class space    used 10880K, committed 11200K, reserved 1048576K
}
Event: 7.094 GC heap before
{Heap before GC invocations=21 (full 0):
 garbage-first heap   total 78848K, used 64009K [0x000000008ac00000, 0x0000000100000000)
  region size 1024K, 30 young (30720K), 4 survivors (4096K)
 Metaspace       used 75570K, committed 76160K, reserved 1114112K
  class space    used 11092K, committed 11392K, reserved 1048576K
}
Event: 7.097 GC heap after
{Heap after GC invocations=22 (full 0):
 garbage-first heap   total 95232K, used 39443K [0x000000008ac00000, 0x0000000100000000)
  region size 1024K, 4 young (4096K), 4 survivors (4096K)
 Metaspace       used 75570K, committed 76160K, reserved 1114112K
  class space    used 11092K, committed 11392K, reserved 1048576K
}
Event: 7.563 GC heap before
{Heap before GC invocations=22 (full 0):
 garbage-first heap   total 95232K, used 77331K [0x000000008ac00000, 0x0000000100000000)
  region size 1024K, 41 young (41984K), 4 survivors (4096K)
 Metaspace       used 77702K, committed 78336K, reserved 1179648K
  class space    used 11442K, committed 11712K, reserved 1048576K
}
Event: 7.568 GC heap after
{Heap after GC invocations=23 (full 0):
 garbage-first heap   total 95232K, used 41421K [0x000000008ac00000, 0x0000000100000000)
  region size 1024K, 4 young (4096K), 4 survivors (4096K)
 Metaspace       used 77702K, committed 78336K, reserved 1179648K
  class space    used 11442K, committed 11712K, reserved 1048576K
}
Event: 8.450 GC heap before
{Heap before GC invocations=23 (full 0):
 garbage-first heap   total 95232K, used 77261K [0x000000008ac00000, 0x0000000100000000)
  region size 1024K, 39 young (39936K), 4 survivors (4096K)
 Metaspace       used 80231K, committed 80960K, reserved 1179648K
  class space    used 11853K, committed 12224K, reserved 1048576K
}
Event: 8.454 GC heap after
{Heap after GC invocations=24 (full 0):
 garbage-first heap   total 95232K, used 43279K [0x000000008ac00000, 0x0000000100000000)
  region size 1024K, 5 young (5120K), 5 survivors (5120K)
 Metaspace       used 80231K, committed 80960K, reserved 1179648K
  class space    used 11853K, committed 12224K, reserved 1048576K
}
Event: 393.777 GC heap before
{Heap before GC invocations=24 (full 0):
 garbage-first heap   total 95232K, used 64783K [0x000000008ac00000, 0x0000000100000000)
  region size 1024K, 27 young (27648K), 5 survivors (5120K)
 Metaspace       used 82668K, committed 83392K, reserved 1179648K
  class space    used 12231K, committed 12544K, reserved 1048576K
}
Event: 394.005 GC heap after
{Heap after GC invocations=25 (full 1):
 garbage-first heap   total 95232K, used 35991K [0x000000008ac00000, 0x0000000100000000)
  region size 1024K, 0 young (0K), 0 survivors (0K)
 Metaspace       used 82668K, committed 83392K, reserved 1179648K
  class space    used 12231K, committed 12544K, reserved 1048576K
}
Event: 394.679 GC heap before
{Heap before GC invocations=25 (full 1):
 garbage-first heap   total 95232K, used 73879K [0x000000008ac00000, 0x0000000100000000)
  region size 1024K, 38 young (38912K), 0 survivors (0K)
 Metaspace       used 82686K, committed 83392K, reserved 1179648K
  class space    used 12235K, committed 12544K, reserved 1048576K
}
Event: 394.684 GC heap after
{Heap after GC invocations=26 (full 1):
 garbage-first heap   total 95232K, used 39188K [0x000000008ac00000, 0x0000000100000000)
  region size 1024K, 4 young (4096K), 4 survivors (4096K)
 Metaspace       used 82686K, committed 83392K, reserved 1179648K
  class space    used 12235K, committed 12544K, reserved 1048576K
}
Event: 395.011 GC heap before
{Heap before GC invocations=26 (full 1):
 garbage-first heap   total 95232K, used 74004K [0x000000008ac00000, 0x0000000100000000)
  region size 1024K, 39 young (39936K), 4 survivors (4096K)
 Metaspace       used 82703K, committed 83392K, reserved 1179648K
  class space    used 12237K, committed 12544K, reserved 1048576K
}
Event: 395.016 GC heap after
{Heap after GC invocations=27 (full 1):
 garbage-first heap   total 95232K, used 40829K [0x000000008ac00000, 0x0000000100000000)
  region size 1024K, 2 young (2048K), 2 survivors (2048K)
 Metaspace       used 82703K, committed 83392K, reserved 1179648K
  class space    used 12237K, committed 12544K, reserved 1048576K
}
Event: 395.361 GC heap before
{Heap before GC invocations=27 (full 1):
 garbage-first heap   total 95232K, used 74621K [0x000000008ac00000, 0x0000000100000000)
  region size 1024K, 36 young (36864K), 2 survivors (2048K)
 Metaspace       used 82920K, committed 83712K, reserved 1179648K
  class space    used 12259K, committed 12608K, reserved 1048576K
}
Event: 395.364 GC heap after
{Heap after GC invocations=28 (full 1):
 garbage-first heap   total 95232K, used 42547K [0x000000008ac00000, 0x0000000100000000)
  region size 1024K, 4 young (4096K), 4 survivors (4096K)
 Metaspace       used 82920K, committed 83712K, reserved 1179648K
  class space    used 12259K, committed 12608K, reserved 1048576K
}
Event: 395.609 GC heap before
{Heap before GC invocations=28 (full 1):
 garbage-first heap   total 95232K, used 76339K [0x000000008ac00000, 0x0000000100000000)
  region size 1024K, 37 young (37888K), 4 survivors (4096K)
 Metaspace       used 82939K, committed 83712K, reserved 1179648K
  class space    used 12262K, committed 12608K, reserved 1048576K
}
Event: 395.614 GC heap after
{Heap after GC invocations=29 (full 1):
 garbage-first heap   total 95232K, used 44133K [0x000000008ac00000, 0x0000000100000000)
  region size 1024K, 4 young (4096K), 4 survivors (4096K)
 Metaspace       used 82939K, committed 83712K, reserved 1179648K
  class space    used 12262K, committed 12608K, reserved 1048576K
}
Event: 395.874 GC heap before
{Heap before GC invocations=29 (full 1):
 garbage-first heap   total 95232K, used 76901K [0x000000008ac00000, 0x0000000100000000)
  region size 1024K, 36 young (36864K), 4 survivors (4096K)
 Metaspace       used 82943K, committed 83712K, reserved 1179648K
  class space    used 12263K, committed 12608K, reserved 1048576K
}
Event: 395.880 GC heap after
{Heap after GC invocations=30 (full 1):
 garbage-first heap   total 114688K, used 45179K [0x000000008ac00000, 0x0000000100000000)
  region size 1024K, 3 young (3072K), 3 survivors (3072K)
 Metaspace       used 82943K, committed 83712K, reserved 1179648K
  class space    used 12263K, committed 12608K, reserved 1048576K
}

